app/build/intermediates/manifest_merge_blame_file/debug/manifest-merger-blame-debug-report.txt
1<?xml version="1.0" encoding="utf-8"?>
2<manifest xmlns:android="http://schemas.android.com/apk/res/android"
3    package="com.abc.smartshopper"
4    android:versionCode="1"
5    android:versionName="1.0" >
6
7    <uses-sdk
8        android:minSdkVersion="15"
8-->src\main\AndroidManifest.xml
9        android:targetSdkVersion="28" />
9-->src\main\AndroidManifest.xml
10
11    <uses-permission android:name="android.permission.INTERNET" />
11-->[com.google.firebase:firebase-measurement-connector-impl:17.0.5] AndroidManifest.xml:22:5-67
11-->[com.google.firebase:firebase-measurement-connector-impl:17.0.5] AndroidManifest.xml:22:22-64
12    <uses-permission android:name="android.permission.ACCESS_NETWORK_STATE" />
12-->[com.google.firebase:firebase-measurement-connector-impl:17.0.5] AndroidManifest.xml:23:5-79
12-->[com.google.firebase:firebase-measurement-connector-impl:17.0.5] AndroidManifest.xml:23:22-76
13    <uses-permission android:name="android.permission.WAKE_LOCK" />
13-->[com.google.firebase:firebase-measurement-connector-impl:17.0.5] AndroidManifest.xml:24:5-68
13-->[com.google.firebase:firebase-measurement-connector-impl:17.0.5] AndroidManifest.xml:24:22-65
14    <uses-permission android:name="com.google.android.finsky.permission.BIND_GET_INSTALL_REFERRER_SERVICE" /> <!-- Required by older versions of Google Play services to create IID tokens -->
14-->[com.google.firebase:firebase-analytics:16.3.0] AndroidManifest.xml:26:5-110
14-->[com.google.firebase:firebase-analytics:16.3.0] AndroidManifest.xml:26:22-107
15    <uses-permission android:name="com.google.android.c2dm.permission.RECEIVE" />
15-->[com.google.firebase:firebase-iid:17.0.3] AndroidManifest.xml:26:5-82
15-->[com.google.firebase:firebase-iid:17.0.3] AndroidManifest.xml:26:22-79
16
17    <application
17-->src\main\AndroidManifest.xml:6:5-40:19
18        android:name="com.abc.smartshopper.app.AppController"
18-->src\main\AndroidManifest.xml:7:9-42
19        android:allowBackup="true"
19-->src\main\AndroidManifest.xml:8:9-35
20        android:appComponentFactory="android.support.v4.app.CoreComponentFactory"
20-->[com.android.support:support-compat:28.0.0] AndroidManifest.xml:22:18-91
21        android:debuggable="true"
22        android:icon="@mipmap/ic_launcher"
22-->src\main\AndroidManifest.xml:9:9-43
23        android:label="SmartShopper"
23-->src\main\AndroidManifest.xml:10:9-37
24        android:roundIcon="@mipmap/ic_launcher_round"
24-->src\main\AndroidManifest.xml:11:9-54
25        android:supportsRtl="true"
25-->src\main\AndroidManifest.xml:12:9-35
26        android:testOnly="true"
27        android:theme="@style/AppTheme" >
27-->src\main\AndroidManifest.xml:13:9-40
28        <activity android:name="com.abc.smartshopper.HistoryActivity" />
28-->src\main\AndroidManifest.xml:16:9-52
28-->src\main\AndroidManifest.xml:16:19-50
29        <activity android:name="com.abc.smartshopper.ChangeEmailActivity" />
29-->src\main\AndroidManifest.xml:18:9-57
29-->src\main\AndroidManifest.xml:18:19-54
30        <activity android:name="com.abc.smartshopper.SettingsActivity" />
30-->src\main\AndroidManifest.xml:20:9-54
30-->src\main\AndroidManifest.xml:20:19-51
31        <activity android:name="com.abc.smartshopper.LoginActivity" />
31-->src\main\AndroidManifest.xml:22:9-50
31-->src\main\AndroidManifest.xml:22:19-48
32        <activity android:name="com.abc.smartshopper.RegisterActivity" />
32-->src\main\AndroidManifest.xml:24:9-54
32-->src\main\AndroidManifest.xml:24:19-51
33        <activity android:name="com.abc.smartshopper.ForgetAndChangePasswordActivity" />
33-->src\main\AndroidManifest.xml:26:9-69
33-->src\main\AndroidManifest.xml:26:19-66
34        <activity
34-->src\main\AndroidManifest.xml:28:9-37:20
35            android:name="com.abc.smartshopper.MainActivity"
35-->src\main\AndroidManifest.xml:29:13-41
36            android:theme="@style/AppTheme.NoActionBar" >
36-->src\main\AndroidManifest.xml:30:13-56
37            <intent-filter>
37-->src\main\AndroidManifest.xml:32:13-36:29
38                <action android:name="android.intent.action.MAIN" />
38-->src\main\AndroidManifest.xml:33:17-69
38-->src\main\AndroidManifest.xml:33:25-66
39
40                <category android:name="android.intent.category.LAUNCHER" />
40-->src\main\AndroidManifest.xml:35:17-77
40-->src\main\AndroidManifest.xml:35:27-74
41            </intent-filter>
42        </activity>
43        <activity android:name="com.abc.smartshopper.DetailActivity" />
43-->src\main\AndroidManifest.xml:39:9-52
43-->src\main\AndroidManifest.xml:39:19-49
44        <activity
44-->[com.google.firebase:firebase-auth:16.1.0] AndroidManifest.xml:24:9-31:50
45            android:name="com.google.firebase.auth.internal.FederatedSignInActivity"
45-->[com.google.firebase:firebase-auth:16.1.0] AndroidManifest.xml:25:13-85
46            android:excludeFromRecents="true"
46-->[com.google.firebase:firebase-auth:16.1.0] AndroidManifest.xml:26:13-46
47            android:exported="true"
47-->[com.google.firebase:firebase-auth:16.1.0] AndroidManifest.xml:27:13-36
48            android:launchMode="singleTask"
48-->[com.google.firebase:firebase-auth:16.1.0] AndroidManifest.xml:28:13-44
49            android:permission="com.google.firebase.auth.api.gms.permission.LAUNCH_FEDERATED_SIGN_IN"
49-->[com.google.firebase:firebase-auth:16.1.0] AndroidManifest.xml:29:13-102
50            android:theme="@android:style/Theme.Translucent.NoTitleBar" />
50-->[com.google.firebase:firebase-auth:16.1.0] AndroidManifest.xml:30:13-72
51
52        <service
52-->[com.google.firebase:firebase-auth:16.1.0] AndroidManifest.xml:33:9-39:19
53            android:name="com.google.firebase.components.ComponentDiscoveryService"
53-->[com.google.firebase:firebase-auth:16.1.0] AndroidManifest.xml:34:13-84
54            android:exported="false" >
54-->[com.google.firebase:firebase-auth:16.1.0] AndroidManifest.xml:35:13-37
55            <meta-data
55-->[com.google.firebase:firebase-auth:16.1.0] AndroidManifest.xml:36:13-38:85
56                android:name="com.google.firebase.components:com.google.firebase.auth.FirebaseAuthRegistrar"
56-->[com.google.firebase:firebase-auth:16.1.0] AndroidManifest.xml:37:17-109
57                android:value="com.google.firebase.components.ComponentRegistrar" />
57-->[com.google.firebase:firebase-auth:16.1.0] AndroidManifest.xml:38:17-82
58            <meta-data
58-->[com.google.firebase:firebase-measurement-connector-impl:17.0.5] AndroidManifest.xml:28:13-30:85
59                android:name="com.google.firebase.components:com.google.firebase.analytics.connector.internal.AnalyticsConnectorRegistrar"
59-->[com.google.firebase:firebase-measurement-connector-impl:17.0.5] AndroidManifest.xml:29:17-139
60                android:value="com.google.firebase.components.ComponentRegistrar" />
60-->[com.google.firebase:firebase-measurement-connector-impl:17.0.5] AndroidManifest.xml:30:17-82
61            <meta-data
61-->[com.google.firebase:firebase-iid:17.0.3] AndroidManifest.xml:32:13-34:85
62                android:name="com.google.firebase.components:com.google.firebase.iid.Registrar"
62-->[com.google.firebase:firebase-iid:17.0.3] AndroidManifest.xml:33:17-96
63                android:value="com.google.firebase.components.ComponentRegistrar" />
63-->[com.google.firebase:firebase-iid:17.0.3] AndroidManifest.xml:34:17-82
64        </service>
65
66        <receiver
66-->[com.google.firebase:firebase-analytics:16.3.0] AndroidManifest.xml:29:9-33:20
67            android:name="com.google.android.gms.measurement.AppMeasurementReceiver"
67-->[com.google.firebase:firebase-analytics:16.3.0] AndroidManifest.xml:30:13-85
68            android:enabled="true"
68-->[com.google.firebase:firebase-analytics:16.3.0] AndroidManifest.xml:31:13-35
69            android:exported="false" >
69-->[com.google.firebase:firebase-analytics:16.3.0] AndroidManifest.xml:32:13-37
70        </receiver>
71        <receiver
71-->[com.google.firebase:firebase-analytics:16.3.0] AndroidManifest.xml:34:9-42:20
72            android:name="com.google.android.gms.measurement.AppMeasurementInstallReferrerReceiver"
72-->[com.google.firebase:firebase-analytics:16.3.0] AndroidManifest.xml:35:13-100
73            android:enabled="true"
73-->[com.google.firebase:firebase-analytics:16.3.0] AndroidManifest.xml:36:13-35
74            android:exported="true"
74-->[com.google.firebase:firebase-analytics:16.3.0] AndroidManifest.xml:37:13-36
75            android:permission="android.permission.INSTALL_PACKAGES" >
75-->[com.google.firebase:firebase-analytics:16.3.0] AndroidManifest.xml:38:13-69
76            <intent-filter>
76-->[com.google.firebase:firebase-analytics:16.3.0] AndroidManifest.xml:39:13-41:29
77                <action android:name="com.android.vending.INSTALL_REFERRER" />
77-->[com.google.firebase:firebase-analytics:16.3.0] AndroidManifest.xml:40:17-79
77-->[com.google.firebase:firebase-analytics:16.3.0] AndroidManifest.xml:40:25-76
78            </intent-filter>
79        </receiver>
80
81        <service
81-->[com.google.firebase:firebase-analytics:16.3.0] AndroidManifest.xml:44:9-47:40
82            android:name="com.google.android.gms.measurement.AppMeasurementService"
82-->[com.google.firebase:firebase-analytics:16.3.0] AndroidManifest.xml:45:13-84
83            android:enabled="true"
83-->[com.google.firebase:firebase-analytics:16.3.0] AndroidManifest.xml:46:13-35
84            android:exported="false" />
84-->[com.google.firebase:firebase-analytics:16.3.0] AndroidManifest.xml:47:13-37
85        <service
85-->[com.google.firebase:firebase-analytics:16.3.0] AndroidManifest.xml:48:9-52:72
86            android:name="com.google.android.gms.measurement.AppMeasurementJobService"
86-->[com.google.firebase:firebase-analytics:16.3.0] AndroidManifest.xml:49:13-87
87            android:enabled="true"
87-->[com.google.firebase:firebase-analytics:16.3.0] AndroidManifest.xml:50:13-35
88            android:exported="false"
88-->[com.google.firebase:firebase-analytics:16.3.0] AndroidManifest.xml:51:13-37
89            android:permission="android.permission.BIND_JOB_SERVICE" />
89-->[com.google.firebase:firebase-analytics:16.3.0] AndroidManifest.xml:52:13-69
90
91        <receiver
91-->[com.google.firebase:firebase-iid:17.0.3] AndroidManifest.xml:37:9-44:20
92            android:name="com.google.firebase.iid.FirebaseInstanceIdReceiver"
92-->[com.google.firebase:firebase-iid:17.0.3] AndroidManifest.xml:38:13-78
93            android:exported="true"
93-->[com.google.firebase:firebase-iid:17.0.3] AndroidManifest.xml:39:13-36
94            android:permission="com.google.android.c2dm.permission.SEND" >
94-->[com.google.firebase:firebase-iid:17.0.3] AndroidManifest.xml:40:13-73
95            <intent-filter>
95-->[com.google.firebase:firebase-iid:17.0.3] AndroidManifest.xml:41:13-43:29
96                <action android:name="com.google.android.c2dm.intent.RECEIVE" />
96-->[com.google.firebase:firebase-iid:17.0.3] AndroidManifest.xml:42:17-81
96-->[com.google.firebase:firebase-iid:17.0.3] AndroidManifest.xml:42:25-78
97            </intent-filter>
98        </receiver>
99        <!--
100             FirebaseInstanceIdService performs security checks at runtime,
101             no need for explicit permissions despite exported="true"
102        -->
103        <service
103-->[com.google.firebase:firebase-iid:17.0.3] AndroidManifest.xml:50:9-56:19
104            android:name="com.google.firebase.iid.FirebaseInstanceIdService"
104-->[com.google.firebase:firebase-iid:17.0.3] AndroidManifest.xml:51:13-77
105            android:exported="true" >
105-->[com.google.firebase:firebase-iid:17.0.3] AndroidManifest.xml:52:13-36
106            <intent-filter android:priority="-500" >
106-->[com.google.firebase:firebase-iid:17.0.3] AndroidManifest.xml:53:13-55:29
106-->[com.google.firebase:firebase-iid:17.0.3] AndroidManifest.xml:53:28-51
107                <action android:name="com.google.firebase.INSTANCE_ID_EVENT" />
107-->[com.google.firebase:firebase-iid:17.0.3] AndroidManifest.xml:54:17-80
107-->[com.google.firebase:firebase-iid:17.0.3] AndroidManifest.xml:54:25-77
108            </intent-filter>
109        </service>
110
111        <activity
111-->[com.google.android.gms:play-services-base:16.0.1] AndroidManifest.xml:23:9-26:75
112            android:name="com.google.android.gms.common.api.GoogleApiActivity"
112-->[com.google.android.gms:play-services-base:16.0.1] AndroidManifest.xml:24:13-79
113            android:exported="false"
113-->[com.google.android.gms:play-services-base:16.0.1] AndroidManifest.xml:25:13-37
114            android:theme="@android:style/Theme.Translucent.NoTitleBar" />
114-->[com.google.android.gms:play-services-base:16.0.1] AndroidManifest.xml:26:13-72
115
116        <provider
116-->[com.google.firebase:firebase-common:16.0.3] AndroidManifest.xml:10:9-14:39
117            android:name="com.google.firebase.provider.FirebaseInitProvider"
117-->[com.google.firebase:firebase-common:16.0.3] AndroidManifest.xml:11:13-77
118            android:authorities="com.abc.smartshopper.firebaseinitprovider"
118-->[com.google.firebase:firebase-common:16.0.3] AndroidManifest.xml:12:13-72
119            android:exported="false"
119-->[com.google.firebase:firebase-common:16.0.3] AndroidManifest.xml:13:13-37
120            android:initOrder="100" />
120-->[com.google.firebase:firebase-common:16.0.3] AndroidManifest.xml:14:13-36
121
122        <meta-data
122-->[com.google.android.gms:play-services-basement:16.1.0] AndroidManifest.xml:23:9-25:69
123            android:name="com.google.android.gms.version"
123-->[com.google.android.gms:play-services-basement:16.1.0] AndroidManifest.xml:24:13-58
124            android:value="@integer/google_play_services_version" />
124-->[com.google.android.gms:play-services-basement:16.1.0] AndroidManifest.xml:25:13-66
125        <meta-data
125-->[com.android.support:support-v4:26.1.0] AndroidManifest.xml:26:9-28:38
126            android:name="android.support.VERSION"
126-->[com.android.support:support-v4:26.1.0] AndroidManifest.xml:27:13-51
127            android:value="26.1.0" />
127-->[com.android.support:support-v4:26.1.0] AndroidManifest.xml:28:13-35
128    </application>
129
130</manifest>